Using pre-set license
Built from '2021.2/staging' branch; Version is '2021.2.3f1 (32358a8527b4) revision 3290506'; Using compiler version '192829333'; Build Type 'Release'
OS: 'Windows 10 Pro; OS build 19044.1706; Version 2009; 64bit' Language: 'pt' Physical Memory: 16361 MB
BatchMode: 1, IsHumanControllingUs: 0, StartBugReporterOnCrash: 0, Is64bit: 1, IsPro: 0

COMMAND LINE ARGUMENTS:
D:\Unity\2021.2.3f1\Editor\Unity.exe
-adb2
-batchMode
-noUpm
-name
AssetImportWorker0
-projectPath
D:/GameProjects/PISI_Aula2/Arcanoideco
-logFile
Logs/AssetImportWorker0.log
-srvPort
54770
Successfully changed project path to: D:/GameProjects/PISI_Aula2/Arcanoideco
D:/GameProjects/PISI_Aula2/Arcanoideco
[UnityMemory] Configuration Parameters - Can be set up in boot.config
    "memorysetup-bucket-allocator-granularity=16"
    "memorysetup-bucket-allocator-bucket-count=8"
    "memorysetup-bucket-allocator-block-size=33554432"
    "memorysetup-bucket-allocator-block-count=8"
    "memorysetup-main-allocator-block-size=16777216"
    "memorysetup-thread-allocator-block-size=16777216"
    "memorysetup-gfx-main-allocator-block-size=16777216"
    "memorysetup-gfx-thread-allocator-block-size=16777216"
    "memorysetup-cache-allocator-block-size=4194304"
    "memorysetup-typetree-allocator-block-size=2097152"
    "memorysetup-profiler-bucket-allocator-granularity=16"
    "memorysetup-profiler-bucket-allocator-bucket-count=8"
    "memorysetup-profiler-bucket-allocator-block-size=33554432"
    "memorysetup-profiler-bucket-allocator-block-count=8"
    "memorysetup-profiler-allocator-block-size=16777216"
    "memorysetup-profiler-editor-allocator-block-size=1048576"
    "memorysetup-temp-allocator-size-main=16777216"
    "memorysetup-job-temp-allocator-block-size=2097152"
    "memorysetup-job-temp-allocator-block-size-background=1048576"
    "memorysetup-job-temp-allocator-reduction-small-platforms=262144"
    "memorysetup-temp-allocator-size-background-worker=32768"
    "memorysetup-temp-allocator-size-job-worker=262144"
    "memorysetup-temp-allocator-size-preload-manager=33554432"
    "memorysetup-temp-allocator-size-nav-mesh-worker=65536"
    "memorysetup-temp-allocator-size-audio-worker=65536"
    "memorysetup-temp-allocator-size-cloud-worker=32768"
    "memorysetup-temp-allocator-size-gi-baking-worker=262144"
    "memorysetup-temp-allocator-size-gfx=262144"
Refreshing native plugins compatible for Editor in 75.25 ms, found 2 plugins.
Preloading 0 native plugins for Editor in 0.00 ms.
Initialize engine version: 2021.2.3f1 (32358a8527b4)
[Subsystems] Discovering subsystems at path D:/Unity/2021.2.3f1/Editor/Data/Resources/UnitySubsystems
[Subsystems] Discovering subsystems at path D:/GameProjects/PISI_Aula2/Arcanoideco/Assets
GfxDevice: creating device client; threaded=0; jobified=0
Direct3D:
    Version:  Direct3D 11.0 [level 11.1]
    Renderer: NVIDIA GeForce GTX 960 (ID=0x1401)
    Vendor:   NVIDIA
    VRAM:     2007 MB
    Driver:   30.0.15.1277
Initialize mono
Mono path[0] = 'D:/Unity/2021.2.3f1/Editor/Data/Managed'
Mono path[1] = 'D:/Unity/2021.2.3f1/Editor/Data/MonoBleedingEdge/lib/mono/unityjit-win32'
Mono config path = 'D:/Unity/2021.2.3f1/Editor/Data/MonoBleedingEdge/etc'
Using monoOptions --debugger-agent=transport=dt_socket,embedding=1,server=y,suspend=n,address=127.0.0.1:56872
Begin MonoManager ReloadAssembly
Registering precompiled unity dll's ...
Register platform support module: D:/Unity/2021.2.3f1/Editor/Data/PlaybackEngines/WindowsStandaloneSupport/UnityEditor.WindowsStandalone.Extensions.dll
Registered in 0.005818 seconds.
Native extension for WindowsStandalone target not found
Refreshing native plugins compatible for Editor in 67.41 ms, found 2 plugins.
Preloading 0 native plugins for Editor in 0.00 ms.
Mono: successfully reloaded assembly
- Completed reload, in  0.939 seconds
Domain Reload Profiling:
	ReloadAssembly (939ms)
		BeginReloadAssembly (95ms)
			ExecutionOrderSort (0ms)
			DisableScriptedObjects (0ms)
			BackupInstance (0ms)
			ReleaseScriptingObjects (0ms)
			CreateAndSetChildDomain (1ms)
		EndReloadAssembly (735ms)
			LoadAssemblies (93ms)
			RebuildTransferFunctionScriptingTraits (0ms)
			SetupTypeCache (208ms)
			ReleaseScriptCaches (0ms)
			RebuildScriptCaches (48ms)
			SetupLoadedEditorAssemblies (394ms)
				LogAssemblyErrors (0ms)
				InitializePlatformSupportModulesInManaged (24ms)
				SetLoadedEditorAssemblies (1ms)
				RefreshPlugins (68ms)
				BeforeProcessingInitializeOnLoad (2ms)
				ProcessInitializeOnLoadAttributes (215ms)
				ProcessInitializeOnLoadMethodAttributes (85ms)
				AfterProcessingInitializeOnLoad (0ms)
				EditorAssembliesLoaded (0ms)
			ExecutionOrderSort2 (0ms)
			AwakeInstancesAfterBackupRestoration (0ms)
Platform modules already initialized, skipping
Registering precompiled user dll's ...
Registered in 0.005224 seconds.
Begin MonoManager ReloadAssembly
Native extension for WindowsStandalone target not found
Refreshing native plugins compatible for Editor in 0.80 ms, found 2 plugins.
Preloading 0 native plugins for Editor in 0.00 ms.
Package Manager log level set to [2]
Mono: successfully reloaded assembly
- Completed reload, in  1.951 seconds
Domain Reload Profiling:
	ReloadAssembly (1952ms)
		BeginReloadAssembly (260ms)
			ExecutionOrderSort (0ms)
			DisableScriptedObjects (8ms)
			BackupInstance (0ms)
			ReleaseScriptingObjects (0ms)
			CreateAndSetChildDomain (31ms)
		EndReloadAssembly (1501ms)
			LoadAssemblies (103ms)
			RebuildTransferFunctionScriptingTraits (0ms)
			SetupTypeCache (372ms)
			ReleaseScriptCaches (1ms)
			RebuildScriptCaches (99ms)
			SetupLoadedEditorAssemblies (726ms)
				LogAssemblyErrors (0ms)
				InitializePlatformSupportModulesInManaged (16ms)
				SetLoadedEditorAssemblies (1ms)
				RefreshPlugins (1ms)
				BeforeProcessingInitializeOnLoad (92ms)
				ProcessInitializeOnLoadAttributes (430ms)
				ProcessInitializeOnLoadMethodAttributes (183ms)
				AfterProcessingInitializeOnLoad (4ms)
				EditorAssembliesLoaded (0ms)
			ExecutionOrderSort2 (0ms)
			AwakeInstancesAfterBackupRestoration (10ms)
Platform modules already initialized, skipping
========================================================================
Worker process is ready to serve import requests
Launched and connected shader compiler UnityShaderCompiler.exe after 0.10 seconds
Refreshing native plugins compatible for Editor in 1.42 ms, found 2 plugins.
Preloading 0 native plugins for Editor in 0.00 ms.
Unloading 2158 Unused Serialized files (Serialized files now loaded: 0)
Unloading 58 unused Assets / (56.4 KB). Loaded Objects now: 2593.
Memory consumption went from 87.7 MB to 87.6 MB.
Total: 8.494500 ms (FindLiveObjects: 0.398100 ms CreateObjectMapping: 0.114400 ms MarkObjects: 7.880400 ms  DeleteObjects: 0.099800 ms)

AssetImportParameters requested are different than current active one (requested -> active):
  custom:video-decoder-ogg-theora: a1e56fd34408186e4bbccfd4996cb3dc -> 
  custom:container-muxer-webm: aa71ff27fc2769a1b78a27578f13a17b -> 
  custom:container-demuxer-webm: 4f35f7cbe854078d1ac9338744f61a02 -> 
  custom:video-encoder-webm-vp8: eb34c28f22e8b96e1ab97ce403110664 -> 
  custom:audio-encoder-webm-vorbis: bf7c407c2cedff20999df2af8eb42d56 -> 
  custom:framework-win-MediaFoundation: 216162199b28c13a410421893ffa2e32 -> 
  custom:container-demuxer-ogg: 62fdf1f143b41e24485cea50d1cbac27 -> 
  custom:video-decoder-webm-vp8: 9c59270c3fd7afecdb556c50c9e8de78 -> 
  custom:audio-decoder-ogg-vorbis: bf7c407c2cedff20999df2af8eb42d56 -> 
========================================================================
Received Import Request.
  Time since last request: 226298.091964 seconds.
  path: Assets/Block.prefab
  artifactKey: Guid(7e249936f82b32947987b6d67bb9ce08) Importer(815301076,1909f56bfc062723c751e8b465ee728b)
Start importing Assets/Block.prefab using Guid(7e249936f82b32947987b6d67bb9ce08) Importer(815301076,1909f56bfc062723c751e8b465ee728b)  -> (artifact id: '1abf8c4b0f583cb4deb922662aebb144') in 0.743378 seconds 
========================================================================
Received Import Request.
  Time since last request: 0.000025 seconds.
  path: Assets/HealthBlock10.prefab
  artifactKey: Guid(7259f16f8c7e2ba418e81967874dda6e) Importer(815301076,1909f56bfc062723c751e8b465ee728b)
Start importing Assets/HealthBlock10.prefab using Guid(7259f16f8c7e2ba418e81967874dda6e) Importer(815301076,1909f56bfc062723c751e8b465ee728b)  -> (artifact id: 'a722af3236c14d02d110201ee77330f4') in 0.017855 seconds 
========================================================================
Received Import Request.
  Time since last request: 0.000033 seconds.
  path: Assets/Scene5.unity
  artifactKey: Guid(584c073d3565b8a4684a554946d7eb79) Importer(815301076,1909f56bfc062723c751e8b465ee728b)
Start importing Assets/Scene5.unity using Guid(584c073d3565b8a4684a554946d7eb79) Importer(815301076,1909f56bfc062723c751e8b465ee728b)  -> (artifact id: '0a9631438af58b084e8fe2121fddc472') in 0.007855 seconds 
========================================================================
Received Import Request.
  Time since last request: 0.000021 seconds.
  path: Assets/BlockColor.mat
  artifactKey: Guid(a1bbb0b682e2f504f9e8f09dd2e8da22) Importer(815301076,1909f56bfc062723c751e8b465ee728b)
Start importing Assets/BlockColor.mat using Guid(a1bbb0b682e2f504f9e8f09dd2e8da22) Importer(815301076,1909f56bfc062723c751e8b465ee728b)  -> (artifact id: '81274f573a61595baf70d657f45bea62') in 0.188842 seconds 
========================================================================
Received Import Request.
  Time since last request: 0.000086 seconds.
  path: Assets/AllMaterial.physicMaterial
  artifactKey: Guid(b1e078ab60d76d341a218ec264b6662e) Importer(815301076,1909f56bfc062723c751e8b465ee728b)
Start importing Assets/AllMaterial.physicMaterial using Guid(b1e078ab60d76d341a218ec264b6662e) Importer(815301076,1909f56bfc062723c751e8b465ee728b)  -> (artifact id: '1dcfd32b881b62d17169f61580560297') in 0.011055 seconds 
========================================================================
Received Import Request.
  Time since last request: 0.000039 seconds.
  path: Assets/PiercePowerUp.prefab
  artifactKey: Guid(49c83d096432f524280e3417152d4172) Importer(815301076,1909f56bfc062723c751e8b465ee728b)
Start importing Assets/PiercePowerUp.prefab using Guid(49c83d096432f524280e3417152d4172) Importer(815301076,1909f56bfc062723c751e8b465ee728b)  -> (artifact id: 'ae01f5e112d56e47ac5977fa91173384') in 0.025751 seconds 
========================================================================
Received Import Request.
  Time since last request: 1.784595 seconds.
  path: Assets/Scene1.unity
  artifactKey: Guid(1cddd279e4f6acd418f25df7567b1b84) Importer(815301076,1909f56bfc062723c751e8b465ee728b)
Start importing Assets/Scene1.unity using Guid(1cddd279e4f6acd418f25df7567b1b84) Importer(815301076,1909f56bfc062723c751e8b465ee728b)  -> (artifact id: '70245e87f10eff1e75fb153c36bc4a9a') in 0.005974 seconds 
========================================================================
Received Prepare
Registering precompiled user dll's ...
Registered in 0.004376 seconds.
Begin MonoManager ReloadAssembly
Native extension for WindowsStandalone target not found
Refreshing native plugins compatible for Editor in 0.79 ms, found 2 plugins.
Preloading 0 native plugins for Editor in 0.00 ms.
Mono: successfully reloaded assembly
- Completed reload, in  1.814 seconds
Domain Reload Profiling:
	ReloadAssembly (1815ms)
		BeginReloadAssembly (213ms)
			ExecutionOrderSort (0ms)
			DisableScriptedObjects (10ms)
			BackupInstance (0ms)
			ReleaseScriptingObjects (0ms)
			CreateAndSetChildDomain (64ms)
		EndReloadAssembly (1463ms)
			LoadAssemblies (117ms)
			RebuildTransferFunctionScriptingTraits (0ms)
			SetupTypeCache (296ms)
			ReleaseScriptCaches (2ms)
			RebuildScriptCaches (107ms)
			SetupLoadedEditorAssemblies (728ms)
				LogAssemblyErrors (0ms)
				InitializePlatformSupportModulesInManaged (18ms)
				SetLoadedEditorAssemblies (1ms)
				RefreshPlugins (1ms)
				BeforeProcessingInitializeOnLoad (87ms)
				ProcessInitializeOnLoadAttributes (405ms)
				ProcessInitializeOnLoadMethodAttributes (210ms)
				AfterProcessingInitializeOnLoad (6ms)
				EditorAssembliesLoaded (0ms)
			ExecutionOrderSort2 (0ms)
			AwakeInstancesAfterBackupRestoration (11ms)
Platform modules already initialized, skipping
Refreshing native plugins compatible for Editor in 1.00 ms, found 2 plugins.
Preloading 0 native plugins for Editor in 0.00 ms.
Unloading 2152 Unused Serialized files (Serialized files now loaded: 0)
Unloading 49 unused Assets / (25.6 KB). Loaded Objects now: 2637.
Memory consumption went from 91.6 MB to 91.6 MB.
Total: 8.398400 ms (FindLiveObjects: 0.256700 ms CreateObjectMapping: 0.134600 ms MarkObjects: 7.953500 ms  DeleteObjects: 0.051800 ms)

AssetImportParameters requested are different than current active one (requested -> active):
  custom:video-decoder-ogg-theora: a1e56fd34408186e4bbccfd4996cb3dc -> 
  custom:container-muxer-webm: aa71ff27fc2769a1b78a27578f13a17b -> 
  custom:container-demuxer-webm: 4f35f7cbe854078d1ac9338744f61a02 -> 
  custom:video-encoder-webm-vp8: eb34c28f22e8b96e1ab97ce403110664 -> 
  custom:audio-encoder-webm-vorbis: bf7c407c2cedff20999df2af8eb42d56 -> 
  custom:framework-win-MediaFoundation: 216162199b28c13a410421893ffa2e32 -> 
  custom:container-demuxer-ogg: 62fdf1f143b41e24485cea50d1cbac27 -> 
  custom:video-decoder-webm-vp8: 9c59270c3fd7afecdb556c50c9e8de78 -> 
  custom:audio-decoder-ogg-vorbis: bf7c407c2cedff20999df2af8eb42d56 -> 
========================================================================
Received Import Request.
  Time since last request: 59.665682 seconds.
  path: Assets/Scene2.unity
  artifactKey: Guid(fb800ed0f0dcd1142b60c1c74c66e821) Importer(815301076,1909f56bfc062723c751e8b465ee728b)
Start importing Assets/Scene2.unity using Guid(fb800ed0f0dcd1142b60c1c74c66e821) Importer(815301076,1909f56bfc062723c751e8b465ee728b)  -> (artifact id: '868ae913b4d3cf4a443379b8e3dc80b9') in 0.023301 seconds 
========================================================================
Received Import Request.
  Time since last request: 3.491648 seconds.
  path: Assets/Scene3.unity
  artifactKey: Guid(87b20cea37659af45973e2ce5d5dc48b) Importer(815301076,1909f56bfc062723c751e8b465ee728b)
Start importing Assets/Scene3.unity using Guid(87b20cea37659af45973e2ce5d5dc48b) Importer(815301076,1909f56bfc062723c751e8b465ee728b)  -> (artifact id: 'bdd34a7f972781bbca1c57253d70de7c') in 0.006387 seconds 
========================================================================
Received Import Request.
  Time since last request: 1.611579 seconds.
  path: Assets/Scene4.unity
  artifactKey: Guid(c62a73543e64c2b49a567cd691286958) Importer(815301076,1909f56bfc062723c751e8b465ee728b)
Start importing Assets/Scene4.unity using Guid(c62a73543e64c2b49a567cd691286958) Importer(815301076,1909f56bfc062723c751e8b465ee728b)  -> (artifact id: '2dd0be64bf85f782787d6ec01241f0c9') in 0.006469 seconds 
========================================================================
Received Import Request.
  Time since last request: 7.404256 seconds.
  path: Assets/PlayerPaddle.cs
  artifactKey: Guid(d9cc4128a840f9543985118154950eba) Importer(815301076,1909f56bfc062723c751e8b465ee728b)
Start importing Assets/PlayerPaddle.cs using Guid(d9cc4128a840f9543985118154950eba) Importer(815301076,1909f56bfc062723c751e8b465ee728b)  -> (artifact id: '52344f423849847dd9359a0679573af5') in 0.011556 seconds 
========================================================================
Received Import Request.
  Time since last request: 5.063805 seconds.
  path: Assets/PiercePowerup.cs
  artifactKey: Guid(7b0b2a22a2ca7754a81cfa1fe3b79331) Importer(815301076,1909f56bfc062723c751e8b465ee728b)
Start importing Assets/PiercePowerup.cs using Guid(7b0b2a22a2ca7754a81cfa1fe3b79331) Importer(815301076,1909f56bfc062723c751e8b465ee728b)  -> (artifact id: '1a31553057a8834bb5d7d00990341a94') in 0.006178 seconds 
========================================================================
Received Import Request.
  Time since last request: 1.205263 seconds.
  path: Assets/KeyboardInput.cs
  artifactKey: Guid(7ac39574f133d2e44901620afb8491b9) Importer(815301076,1909f56bfc062723c751e8b465ee728b)
Start importing Assets/KeyboardInput.cs using Guid(7ac39574f133d2e44901620afb8491b9) Importer(815301076,1909f56bfc062723c751e8b465ee728b)  -> (artifact id: '3b3b688b8ad45503755a7a3277bf394b') in 0.006226 seconds 
========================================================================
Received Import Request.
  Time since last request: 10.875104 seconds.
  path: Assets/HealthBlock.cs
  artifactKey: Guid(f0e1c3f3c8f80b849892bc7f62c14f53) Importer(815301076,1909f56bfc062723c751e8b465ee728b)
Start importing Assets/HealthBlock.cs using Guid(f0e1c3f3c8f80b849892bc7f62c14f53) Importer(815301076,1909f56bfc062723c751e8b465ee728b)  -> (artifact id: '95bca11d006b2111338f2a04e674855f') in 0.006154 seconds 
========================================================================
Received Import Request.
  Time since last request: 0.456735 seconds.
  path: Assets/DeathBarrier.cs
  artifactKey: Guid(fe8f6cfd70253f14db2c47e08869c9e0) Importer(815301076,1909f56bfc062723c751e8b465ee728b)
Start importing Assets/DeathBarrier.cs using Guid(fe8f6cfd70253f14db2c47e08869c9e0) Importer(815301076,1909f56bfc062723c751e8b465ee728b)  -> (artifact id: '6cae8edcb782e2bded5fe909241704ab') in 0.007357 seconds 
========================================================================
Received Import Request.
  Time since last request: 0.404514 seconds.
  path: Assets/BolinhaPhysics.cs
  artifactKey: Guid(ff7a3e6cb4876ed409268b4b94e0c226) Importer(815301076,1909f56bfc062723c751e8b465ee728b)
Start importing Assets/BolinhaPhysics.cs using Guid(ff7a3e6cb4876ed409268b4b94e0c226) Importer(815301076,1909f56bfc062723c751e8b465ee728b)  -> (artifact id: 'e3dbeb768cca4cc94af60b648fdc1220') in 0.006070 seconds 
========================================================================
Received Import Request.
  Time since last request: 4.065954 seconds.
  path: Assets/Accelerator.cs
  artifactKey: Guid(628d616e3f32dd241a3c1966f8995d10) Importer(815301076,1909f56bfc062723c751e8b465ee728b)
Start importing Assets/Accelerator.cs using Guid(628d616e3f32dd241a3c1966f8995d10) Importer(815301076,1909f56bfc062723c751e8b465ee728b)  -> (artifact id: 'f458ca3b2ea07a6d85f6b92bb5125ca1') in 0.006069 seconds 
========================================================================
Received Prepare
Registering precompiled user dll's ...
Registered in 0.004345 seconds.
Begin MonoManager ReloadAssembly
Native extension for WindowsStandalone target not found
Refreshing native plugins compatible for Editor in 1.32 ms, found 2 plugins.
Preloading 0 native plugins for Editor in 0.00 ms.
Mono: successfully reloaded assembly
- Completed reload, in  1.722 seconds
Domain Reload Profiling:
	ReloadAssembly (1723ms)
		BeginReloadAssembly (244ms)
			ExecutionOrderSort (0ms)
			DisableScriptedObjects (10ms)
			BackupInstance (0ms)
			ReleaseScriptingObjects (0ms)
			CreateAndSetChildDomain (77ms)
		EndReloadAssembly (1282ms)
			LoadAssemblies (141ms)
			RebuildTransferFunctionScriptingTraits (0ms)
			SetupTypeCache (252ms)
			ReleaseScriptCaches (1ms)
			RebuildScriptCaches (59ms)
			SetupLoadedEditorAssemblies (664ms)
				LogAssemblyErrors (0ms)
				InitializePlatformSupportModulesInManaged (17ms)
				SetLoadedEditorAssemblies (1ms)
				RefreshPlugins (1ms)
				BeforeProcessingInitializeOnLoad (91ms)
				ProcessInitializeOnLoadAttributes (383ms)
				ProcessInitializeOnLoadMethodAttributes (166ms)
				AfterProcessingInitializeOnLoad (6ms)
				EditorAssembliesLoaded (0ms)
			ExecutionOrderSort2 (0ms)
			AwakeInstancesAfterBackupRestoration (12ms)
Platform modules already initialized, skipping
Refreshing native plugins compatible for Editor in 1.30 ms, found 2 plugins.
Preloading 0 native plugins for Editor in 0.00 ms.
Unloading 2152 Unused Serialized files (Serialized files now loaded: 0)
Unloading 49 unused Assets / (25.6 KB). Loaded Objects now: 2639.
Memory consumption went from 91.7 MB to 91.6 MB.
Total: 8.143200 ms (FindLiveObjects: 0.270500 ms CreateObjectMapping: 0.091300 ms MarkObjects: 7.723200 ms  DeleteObjects: 0.056000 ms)

AssetImportParameters requested are different than current active one (requested -> active):
  custom:video-decoder-ogg-theora: a1e56fd34408186e4bbccfd4996cb3dc -> 
  custom:container-muxer-webm: aa71ff27fc2769a1b78a27578f13a17b -> 
  custom:container-demuxer-webm: 4f35f7cbe854078d1ac9338744f61a02 -> 
  custom:video-encoder-webm-vp8: eb34c28f22e8b96e1ab97ce403110664 -> 
  custom:audio-encoder-webm-vorbis: bf7c407c2cedff20999df2af8eb42d56 -> 
  custom:framework-win-MediaFoundation: 216162199b28c13a410421893ffa2e32 -> 
  custom:container-demuxer-ogg: 62fdf1f143b41e24485cea50d1cbac27 -> 
  custom:video-decoder-webm-vp8: 9c59270c3fd7afecdb556c50c9e8de78 -> 
  custom:audio-decoder-ogg-vorbis: bf7c407c2cedff20999df2af8eb42d56 -> 
========================================================================
Received Import Request.
  Time since last request: 78.896794 seconds.
  path: Assets/StageManager.cs
  artifactKey: Guid(20bbc0c2bc001c44ba46fad56375013d) Importer(815301076,1909f56bfc062723c751e8b465ee728b)
Start importing Assets/StageManager.cs using Guid(20bbc0c2bc001c44ba46fad56375013d) Importer(815301076,1909f56bfc062723c751e8b465ee728b)  -> (artifact id: '710834808049d31d4ff0fd3f7eca75aa') in 0.009919 seconds 
========================================================================
Received Import Request.
  Time since last request: 7.266391 seconds.
  path: Assets/Shake.anim
  artifactKey: Guid(239ef1e503b372c46a5f218ace67123b) Importer(815301076,1909f56bfc062723c751e8b465ee728b)
Start importing Assets/Shake.anim using Guid(239ef1e503b372c46a5f218ace67123b) Importer(815301076,1909f56bfc062723c751e8b465ee728b)  -> (artifact id: 'ed4aac3536074c78173b8fc885ee668e') in 0.033861 seconds 
========================================================================
Received Import Request.
  Time since last request: 9.980185 seconds.
  path: Assets/Resources/BillingMode.json
  artifactKey: Guid(bcf80a08b1e68e34c81dcb900b4f51a0) Importer(815301076,1909f56bfc062723c751e8b465ee728b)
Start importing Assets/Resources/BillingMode.json using Guid(bcf80a08b1e68e34c81dcb900b4f51a0) Importer(815301076,1909f56bfc062723c751e8b465ee728b)  -> (artifact id: 'd51b0c1a97b9b9bb1d9ec2891119d7a3') in 0.011429 seconds 
========================================================================
Received Prepare
Registering precompiled user dll's ...
Registered in 0.004209 seconds.
Begin MonoManager ReloadAssembly
Native extension for WindowsStandalone target not found
Refreshing native plugins compatible for Editor in 5.92 ms, found 2 plugins.
Preloading 0 native plugins for Editor in 0.00 ms.
Mono: successfully reloaded assembly
- Completed reload, in  1.635 seconds
Domain Reload Profiling:
	ReloadAssembly (1636ms)
		BeginReloadAssembly (189ms)
			ExecutionOrderSort (0ms)
			DisableScriptedObjects (10ms)
			BackupInstance (0ms)
			ReleaseScriptingObjects (0ms)
			CreateAndSetChildDomain (48ms)
		EndReloadAssembly (1297ms)
			LoadAssemblies (117ms)
			RebuildTransferFunctionScriptingTraits (0ms)
			SetupTypeCache (243ms)
			ReleaseScriptCaches (1ms)
			RebuildScriptCaches (57ms)
			SetupLoadedEditorAssemblies (697ms)
				LogAssemblyErrors (0ms)
				InitializePlatformSupportModulesInManaged (21ms)
				SetLoadedEditorAssemblies (1ms)
				RefreshPlugins (6ms)
				BeforeProcessingInitializeOnLoad (86ms)
				ProcessInitializeOnLoadAttributes (412ms)
				ProcessInitializeOnLoadMethodAttributes (165ms)
				AfterProcessingInitializeOnLoad (6ms)
				EditorAssembliesLoaded (0ms)
			ExecutionOrderSort2 (0ms)
			AwakeInstancesAfterBackupRestoration (12ms)
Platform modules already initialized, skipping
Refreshing native plugins compatible for Editor in 1.02 ms, found 2 plugins.
Preloading 0 native plugins for Editor in 0.00 ms.
Unloading 2152 Unused Serialized files (Serialized files now loaded: 0)
Unloading 49 unused Assets / (25.6 KB). Loaded Objects now: 2641.
Memory consumption went from 91.7 MB to 91.6 MB.
Total: 8.966100 ms (FindLiveObjects: 0.239100 ms CreateObjectMapping: 0.191200 ms MarkObjects: 8.491900 ms  DeleteObjects: 0.042100 ms)

AssetImportParameters requested are different than current active one (requested -> active):
  custom:video-decoder-ogg-theora: a1e56fd34408186e4bbccfd4996cb3dc -> 
  custom:container-muxer-webm: aa71ff27fc2769a1b78a27578f13a17b -> 
  custom:container-demuxer-webm: 4f35f7cbe854078d1ac9338744f61a02 -> 
  custom:video-encoder-webm-vp8: eb34c28f22e8b96e1ab97ce403110664 -> 
  custom:audio-encoder-webm-vorbis: bf7c407c2cedff20999df2af8eb42d56 -> 
  custom:framework-win-MediaFoundation: 216162199b28c13a410421893ffa2e32 -> 
  custom:container-demuxer-ogg: 62fdf1f143b41e24485cea50d1cbac27 -> 
  custom:video-decoder-webm-vp8: 9c59270c3fd7afecdb556c50c9e8de78 -> 
  custom:audio-decoder-ogg-vorbis: bf7c407c2cedff20999df2af8eb42d56 -> 
========================================================================
Received Prepare
Registering precompiled user dll's ...
Registered in 0.004148 seconds.
Begin MonoManager ReloadAssembly
Native extension for WindowsStandalone target not found
Refreshing native plugins compatible for Editor in 0.81 ms, found 2 plugins.
Preloading 0 native plugins for Editor in 0.00 ms.
Mono: successfully reloaded assembly
- Completed reload, in  1.704 seconds
Domain Reload Profiling:
	ReloadAssembly (1705ms)
		BeginReloadAssembly (247ms)
			ExecutionOrderSort (0ms)
			DisableScriptedObjects (14ms)
			BackupInstance (0ms)
			ReleaseScriptingObjects (0ms)
			CreateAndSetChildDomain (77ms)
		EndReloadAssembly (1281ms)
			LoadAssemblies (124ms)
			RebuildTransferFunctionScriptingTraits (0ms)
			SetupTypeCache (264ms)
			ReleaseScriptCaches (1ms)
			RebuildScriptCaches (63ms)
			SetupLoadedEditorAssemblies (663ms)
				LogAssemblyErrors (0ms)
				InitializePlatformSupportModulesInManaged (15ms)
				SetLoadedEditorAssemblies (1ms)
				RefreshPlugins (1ms)
				BeforeProcessingInitializeOnLoad (87ms)
				ProcessInitializeOnLoadAttributes (387ms)
				ProcessInitializeOnLoadMethodAttributes (166ms)
				AfterProcessingInitializeOnLoad (6ms)
				EditorAssembliesLoaded (0ms)
			ExecutionOrderSort2 (0ms)
			AwakeInstancesAfterBackupRestoration (8ms)
Platform modules already initialized, skipping
Refreshing native plugins compatible for Editor in 0.80 ms, found 2 plugins.
Preloading 0 native plugins for Editor in 0.00 ms.
Unloading 2152 Unused Serialized files (Serialized files now loaded: 0)
Unloading 49 unused Assets / (25.6 KB). Loaded Objects now: 2643.
Memory consumption went from 91.7 MB to 91.7 MB.
Total: 7.038700 ms (FindLiveObjects: 0.214000 ms CreateObjectMapping: 0.106300 ms MarkObjects: 6.676000 ms  DeleteObjects: 0.040300 ms)

AssetImportParameters requested are different than current active one (requested -> active):
  custom:video-decoder-ogg-theora: a1e56fd34408186e4bbccfd4996cb3dc -> 
  custom:container-muxer-webm: aa71ff27fc2769a1b78a27578f13a17b -> 
  custom:container-demuxer-webm: 4f35f7cbe854078d1ac9338744f61a02 -> 
  custom:video-encoder-webm-vp8: eb34c28f22e8b96e1ab97ce403110664 -> 
  custom:audio-encoder-webm-vorbis: bf7c407c2cedff20999df2af8eb42d56 -> 
  custom:framework-win-MediaFoundation: 216162199b28c13a410421893ffa2e32 -> 
  custom:container-demuxer-ogg: 62fdf1f143b41e24485cea50d1cbac27 -> 
  custom:video-decoder-webm-vp8: 9c59270c3fd7afecdb556c50c9e8de78 -> 
  custom:audio-decoder-ogg-vorbis: bf7c407c2cedff20999df2af8eb42d56 -> 
========================================================================
Received Prepare
Registering precompiled user dll's ...
Registered in 0.005675 seconds.
Begin MonoManager ReloadAssembly
Native extension for WindowsStandalone target not found
Refreshing native plugins compatible for Editor in 1.57 ms, found 2 plugins.
Preloading 0 native plugins for Editor in 0.00 ms.
Mono: successfully reloaded assembly
- Completed reload, in  1.616 seconds
Domain Reload Profiling:
	ReloadAssembly (1617ms)
		BeginReloadAssembly (173ms)
			ExecutionOrderSort (0ms)
			DisableScriptedObjects (10ms)
			BackupInstance (0ms)
			ReleaseScriptingObjects (0ms)
			CreateAndSetChildDomain (40ms)
		EndReloadAssembly (1306ms)
			LoadAssemblies (114ms)
			RebuildTransferFunctionScriptingTraits (0ms)
			SetupTypeCache (283ms)
			ReleaseScriptCaches (1ms)
			RebuildScriptCaches (57ms)
			SetupLoadedEditorAssemblies (676ms)
				LogAssemblyErrors (0ms)
				InitializePlatformSupportModulesInManaged (21ms)
				SetLoadedEditorAssemblies (1ms)
				RefreshPlugins (2ms)
				BeforeProcessingInitializeOnLoad (91ms)
				ProcessInitializeOnLoadAttributes (393ms)
				ProcessInitializeOnLoadMethodAttributes (164ms)
				AfterProcessingInitializeOnLoad (5ms)
				EditorAssembliesLoaded (0ms)
			ExecutionOrderSort2 (0ms)
			AwakeInstancesAfterBackupRestoration (11ms)
Platform modules already initialized, skipping
Refreshing native plugins compatible for Editor in 0.99 ms, found 2 plugins.
Preloading 0 native plugins for Editor in 0.00 ms.
Unloading 2152 Unused Serialized files (Serialized files now loaded: 0)
Unloading 49 unused Assets / (25.6 KB). Loaded Objects now: 2645.
Memory consumption went from 91.7 MB to 91.7 MB.
Total: 8.380400 ms (FindLiveObjects: 0.227600 ms CreateObjectMapping: 0.134900 ms MarkObjects: 7.970100 ms  DeleteObjects: 0.046100 ms)

AssetImportParameters requested are different than current active one (requested -> active):
  custom:video-decoder-ogg-theora: a1e56fd34408186e4bbccfd4996cb3dc -> 
  custom:container-muxer-webm: aa71ff27fc2769a1b78a27578f13a17b -> 
  custom:container-demuxer-webm: 4f35f7cbe854078d1ac9338744f61a02 -> 
  custom:video-encoder-webm-vp8: eb34c28f22e8b96e1ab97ce403110664 -> 
  custom:audio-encoder-webm-vorbis: bf7c407c2cedff20999df2af8eb42d56 -> 
  custom:framework-win-MediaFoundation: 216162199b28c13a410421893ffa2e32 -> 
  custom:container-demuxer-ogg: 62fdf1f143b41e24485cea50d1cbac27 -> 
  custom:video-decoder-webm-vp8: 9c59270c3fd7afecdb556c50c9e8de78 -> 
  custom:audio-decoder-ogg-vorbis: bf7c407c2cedff20999df2af8eb42d56 -> 
