Using pre-set license
Built from '2021.2/staging' branch; Version is '2021.2.3f1 (32358a8527b4) revision 3290506'; Using compiler version '192829333'; Build Type 'Release'
OS: 'Windows 10 Pro; OS build 19044.1706; Version 2009; 64bit' Language: 'pt' Physical Memory: 16361 MB
BatchMode: 1, IsHumanControllingUs: 0, StartBugReporterOnCrash: 0, Is64bit: 1, IsPro: 0

COMMAND LINE ARGUMENTS:
D:\Unity\2021.2.3f1\Editor\Unity.exe
-adb2
-batchMode
-noUpm
-name
AssetImportWorker1
-projectPath
D:/GameProjects/PISI_Aula2/SpaceShooter
-logFile
Logs/AssetImportWorker1.log
-srvPort
49382
Successfully changed project path to: D:/GameProjects/PISI_Aula2/SpaceShooter
D:/GameProjects/PISI_Aula2/SpaceShooter
[UnityMemory] Configuration Parameters - Can be set up in boot.config
    "memorysetup-bucket-allocator-granularity=16"
    "memorysetup-bucket-allocator-bucket-count=8"
    "memorysetup-bucket-allocator-block-size=33554432"
    "memorysetup-bucket-allocator-block-count=8"
    "memorysetup-main-allocator-block-size=16777216"
    "memorysetup-thread-allocator-block-size=16777216"
    "memorysetup-gfx-main-allocator-block-size=16777216"
    "memorysetup-gfx-thread-allocator-block-size=16777216"
    "memorysetup-cache-allocator-block-size=4194304"
    "memorysetup-typetree-allocator-block-size=2097152"
    "memorysetup-profiler-bucket-allocator-granularity=16"
    "memorysetup-profiler-bucket-allocator-bucket-count=8"
    "memorysetup-profiler-bucket-allocator-block-size=33554432"
    "memorysetup-profiler-bucket-allocator-block-count=8"
    "memorysetup-profiler-allocator-block-size=16777216"
    "memorysetup-profiler-editor-allocator-block-size=1048576"
    "memorysetup-temp-allocator-size-main=16777216"
    "memorysetup-job-temp-allocator-block-size=2097152"
    "memorysetup-job-temp-allocator-block-size-background=1048576"
    "memorysetup-job-temp-allocator-reduction-small-platforms=262144"
    "memorysetup-temp-allocator-size-background-worker=32768"
    "memorysetup-temp-allocator-size-job-worker=262144"
    "memorysetup-temp-allocator-size-preload-manager=33554432"
    "memorysetup-temp-allocator-size-nav-mesh-worker=65536"
    "memorysetup-temp-allocator-size-audio-worker=65536"
    "memorysetup-temp-allocator-size-cloud-worker=32768"
    "memorysetup-temp-allocator-size-gi-baking-worker=262144"
    "memorysetup-temp-allocator-size-gfx=262144"
Refreshing native plugins compatible for Editor in 65.45 ms, found 2 plugins.
Preloading 0 native plugins for Editor in 0.00 ms.
Initialize engine version: 2021.2.3f1 (32358a8527b4)
[Subsystems] Discovering subsystems at path D:/Unity/2021.2.3f1/Editor/Data/Resources/UnitySubsystems
[Subsystems] Discovering subsystems at path D:/GameProjects/PISI_Aula2/SpaceShooter/Assets
GfxDevice: creating device client; threaded=0; jobified=0
Direct3D:
    Version:  Direct3D 11.0 [level 11.1]
    Renderer: NVIDIA GeForce GTX 960 (ID=0x1401)
    Vendor:   NVIDIA
    VRAM:     2007 MB
    Driver:   30.0.15.1277
Initialize mono
Mono path[0] = 'D:/Unity/2021.2.3f1/Editor/Data/Managed'
Mono path[1] = 'D:/Unity/2021.2.3f1/Editor/Data/MonoBleedingEdge/lib/mono/unityjit-win32'
Mono config path = 'D:/Unity/2021.2.3f1/Editor/Data/MonoBleedingEdge/etc'
Using monoOptions --debugger-agent=transport=dt_socket,embedding=1,server=y,suspend=n,address=127.0.0.1:56096
Begin MonoManager ReloadAssembly
Registering precompiled unity dll's ...
Register platform support module: D:/Unity/2021.2.3f1/Editor/Data/PlaybackEngines/WindowsStandaloneSupport/UnityEditor.WindowsStandalone.Extensions.dll
Registered in 0.003552 seconds.
Native extension for WindowsStandalone target not found
Refreshing native plugins compatible for Editor in 58.62 ms, found 2 plugins.
Preloading 0 native plugins for Editor in 0.00 ms.
Mono: successfully reloaded assembly
- Completed reload, in  0.893 seconds
Domain Reload Profiling:
	ReloadAssembly (894ms)
		BeginReloadAssembly (100ms)
			ExecutionOrderSort (0ms)
			DisableScriptedObjects (0ms)
			BackupInstance (0ms)
			ReleaseScriptingObjects (0ms)
			CreateAndSetChildDomain (1ms)
		EndReloadAssembly (674ms)
			LoadAssemblies (98ms)
			RebuildTransferFunctionScriptingTraits (0ms)
			SetupTypeCache (187ms)
			ReleaseScriptCaches (0ms)
			RebuildScriptCaches (46ms)
			SetupLoadedEditorAssemblies (356ms)
				LogAssemblyErrors (0ms)
				InitializePlatformSupportModulesInManaged (21ms)
				SetLoadedEditorAssemblies (0ms)
				RefreshPlugins (59ms)
				BeforeProcessingInitializeOnLoad (2ms)
				ProcessInitializeOnLoadAttributes (196ms)
				ProcessInitializeOnLoadMethodAttributes (79ms)
				AfterProcessingInitializeOnLoad (0ms)
				EditorAssembliesLoaded (0ms)
			ExecutionOrderSort2 (0ms)
			AwakeInstancesAfterBackupRestoration (0ms)
Platform modules already initialized, skipping
Registering precompiled user dll's ...
Registered in 0.008432 seconds.
Begin MonoManager ReloadAssembly
Native extension for WindowsStandalone target not found
Refreshing native plugins compatible for Editor in 1.49 ms, found 2 plugins.
Preloading 0 native plugins for Editor in 0.00 ms.
Package Manager log level set to [2]
Mono: successfully reloaded assembly
- Completed reload, in  1.930 seconds
Domain Reload Profiling:
	ReloadAssembly (1931ms)
		BeginReloadAssembly (275ms)
			ExecutionOrderSort (0ms)
			DisableScriptedObjects (9ms)
			BackupInstance (0ms)
			ReleaseScriptingObjects (0ms)
			CreateAndSetChildDomain (28ms)
		EndReloadAssembly (1498ms)
			LoadAssemblies (125ms)
			RebuildTransferFunctionScriptingTraits (0ms)
			SetupTypeCache (366ms)
			ReleaseScriptCaches (1ms)
			RebuildScriptCaches (103ms)
			SetupLoadedEditorAssemblies (726ms)
				LogAssemblyErrors (0ms)
				InitializePlatformSupportModulesInManaged (20ms)
				SetLoadedEditorAssemblies (1ms)
				RefreshPlugins (2ms)
				BeforeProcessingInitializeOnLoad (127ms)
				ProcessInitializeOnLoadAttributes (409ms)
				ProcessInitializeOnLoadMethodAttributes (160ms)
				AfterProcessingInitializeOnLoad (7ms)
				EditorAssembliesLoaded (0ms)
			ExecutionOrderSort2 (0ms)
			AwakeInstancesAfterBackupRestoration (9ms)
Platform modules already initialized, skipping
========================================================================
Worker process is ready to serve import requests
Launched and connected shader compiler UnityShaderCompiler.exe after 0.08 seconds
Refreshing native plugins compatible for Editor in 0.70 ms, found 2 plugins.
Preloading 0 native plugins for Editor in 0.00 ms.
Unloading 2164 Unused Serialized files (Serialized files now loaded: 0)
Unloading 58 unused Assets / (56.4 KB). Loaded Objects now: 2599.
Memory consumption went from 88.1 MB to 88.1 MB.
Total: 7.418200 ms (FindLiveObjects: 0.219500 ms CreateObjectMapping: 0.090100 ms MarkObjects: 7.021100 ms  DeleteObjects: 0.086100 ms)

AssetImportParameters requested are different than current active one (requested -> active):
  custom:video-decoder-ogg-theora: a1e56fd34408186e4bbccfd4996cb3dc -> 
  custom:container-muxer-webm: aa71ff27fc2769a1b78a27578f13a17b -> 
  custom:container-demuxer-webm: 4f35f7cbe854078d1ac9338744f61a02 -> 
  custom:video-encoder-webm-vp8: eb34c28f22e8b96e1ab97ce403110664 -> 
  custom:audio-encoder-webm-vorbis: bf7c407c2cedff20999df2af8eb42d56 -> 
  custom:framework-win-MediaFoundation: 216162199b28c13a410421893ffa2e32 -> 
  custom:container-demuxer-ogg: 62fdf1f143b41e24485cea50d1cbac27 -> 
  custom:video-decoder-webm-vp8: 9c59270c3fd7afecdb556c50c9e8de78 -> 
  custom:audio-decoder-ogg-vorbis: bf7c407c2cedff20999df2af8eb42d56 -> 
========================================================================
Received Prepare
Registering precompiled user dll's ...
Registered in 0.004307 seconds.
Begin MonoManager ReloadAssembly
Native extension for WindowsStandalone target not found
Refreshing native plugins compatible for Editor in 1.26 ms, found 2 plugins.
Preloading 0 native plugins for Editor in 0.00 ms.
Mono: successfully reloaded assembly
- Completed reload, in  1.835 seconds
Domain Reload Profiling:
	ReloadAssembly (1836ms)
		BeginReloadAssembly (181ms)
			ExecutionOrderSort (0ms)
			DisableScriptedObjects (12ms)
			BackupInstance (0ms)
			ReleaseScriptingObjects (0ms)
			CreateAndSetChildDomain (42ms)
		EndReloadAssembly (1513ms)
			LoadAssemblies (127ms)
			RebuildTransferFunctionScriptingTraits (0ms)
			SetupTypeCache (281ms)
			ReleaseScriptCaches (1ms)
			RebuildScriptCaches (75ms)
			SetupLoadedEditorAssemblies (742ms)
				LogAssemblyErrors (0ms)
				InitializePlatformSupportModulesInManaged (21ms)
				SetLoadedEditorAssemblies (1ms)
				RefreshPlugins (1ms)
				BeforeProcessingInitializeOnLoad (104ms)
				ProcessInitializeOnLoadAttributes (440ms)
				ProcessInitializeOnLoadMethodAttributes (168ms)
				AfterProcessingInitializeOnLoad (6ms)
				EditorAssembliesLoaded (0ms)
			ExecutionOrderSort2 (0ms)
			AwakeInstancesAfterBackupRestoration (10ms)
Platform modules already initialized, skipping
Refreshing native plugins compatible for Editor in 1.34 ms, found 2 plugins.
Preloading 0 native plugins for Editor in 0.00 ms.
Unloading 2158 Unused Serialized files (Serialized files now loaded: 0)
Unloading 49 unused Assets / (25.6 KB). Loaded Objects now: 2601.
Memory consumption went from 87.9 MB to 87.8 MB.
Total: 13.039600 ms (FindLiveObjects: 0.417700 ms CreateObjectMapping: 0.233100 ms MarkObjects: 12.332100 ms  DeleteObjects: 0.054900 ms)

AssetImportParameters requested are different than current active one (requested -> active):
  custom:video-decoder-ogg-theora: a1e56fd34408186e4bbccfd4996cb3dc -> 
  custom:container-muxer-webm: aa71ff27fc2769a1b78a27578f13a17b -> 
  custom:container-demuxer-webm: 4f35f7cbe854078d1ac9338744f61a02 -> 
  custom:video-encoder-webm-vp8: eb34c28f22e8b96e1ab97ce403110664 -> 
  custom:audio-encoder-webm-vorbis: bf7c407c2cedff20999df2af8eb42d56 -> 
  custom:framework-win-MediaFoundation: 216162199b28c13a410421893ffa2e32 -> 
  custom:container-demuxer-ogg: 62fdf1f143b41e24485cea50d1cbac27 -> 
  custom:video-decoder-webm-vp8: 9c59270c3fd7afecdb556c50c9e8de78 -> 
  custom:audio-decoder-ogg-vorbis: bf7c407c2cedff20999df2af8eb42d56 -> 
========================================================================
Received Import Request.
  Time since last request: 224889.910176 seconds.
  path: Assets/Models/prop_asteroid_02.FBX
  artifactKey: Guid(9afa958d6d8235941b9badb42aae4370) Importer(815301076,1909f56bfc062723c751e8b465ee728b)
Start importing Assets/Models/prop_asteroid_02.FBX using Guid(9afa958d6d8235941b9badb42aae4370) Importer(815301076,1909f56bfc062723c751e8b465ee728b)  -> (artifact id: 'baeec547dfa022a0f79675b12f1d7c2e') in 0.342064 seconds 
========================================================================
Received Import Request.
  Time since last request: 0.000042 seconds.
  path: Assets/Models/vehicle_enemyShip.FBX
  artifactKey: Guid(9ddab293e2a8af3499dac05f5fd6169c) Importer(815301076,1909f56bfc062723c751e8b465ee728b)
Start importing Assets/Models/vehicle_enemyShip.FBX using Guid(9ddab293e2a8af3499dac05f5fd6169c) Importer(815301076,1909f56bfc062723c751e8b465ee728b)  -> (artifact id: 'aa2e81846d69a43b4d1271f56ee564ec') in 0.040906 seconds 
========================================================================
Received Import Request.
  Time since last request: 0.000043 seconds.
  path: Assets/Models/prop_asteroid_03.FBX
  artifactKey: Guid(2768a9a4c8d289840918dcb879705893) Importer(815301076,1909f56bfc062723c751e8b465ee728b)
Start importing Assets/Models/prop_asteroid_03.FBX using Guid(2768a9a4c8d289840918dcb879705893) Importer(815301076,1909f56bfc062723c751e8b465ee728b)  -> (artifact id: 'c69064dae9f6d5bb0e32f093cc6d644d') in 0.029034 seconds 
========================================================================
Received Import Request.
  Time since last request: 0.042488 seconds.
  path: Assets/Audio/explosion_enemy.wav
  artifactKey: Guid(72e76810224064300b7d32e8322a5d12) Importer(815301076,1909f56bfc062723c751e8b465ee728b)
Start importing Assets/Audio/explosion_enemy.wav using Guid(72e76810224064300b7d32e8322a5d12) Importer(815301076,1909f56bfc062723c751e8b465ee728b)  -> (artifact id: '4b0d630d616d668f29f4d837e153ee67') in 0.043795 seconds 
========================================================================
Received Import Request.
  Time since last request: 0.000018 seconds.
  path: Assets/Audio/weapon_player.wav
  artifactKey: Guid(bf75b984df8a84987bcf3a8bf6e2862d) Importer(815301076,1909f56bfc062723c751e8b465ee728b)
Start importing Assets/Audio/weapon_player.wav using Guid(bf75b984df8a84987bcf3a8bf6e2862d) Importer(815301076,1909f56bfc062723c751e8b465ee728b)  -> (artifact id: 'a267813d3518e989604ddc1b83a1e838') in 0.015115 seconds 
========================================================================
Received Import Request.
  Time since last request: 0.000020 seconds.
  path: Assets/Audio/music_background.wav
  artifactKey: Guid(7b04c59dd84f14039b601e1abbe7b884) Importer(815301076,1909f56bfc062723c751e8b465ee728b)
Start importing Assets/Audio/music_background.wav using Guid(7b04c59dd84f14039b601e1abbe7b884) Importer(815301076,1909f56bfc062723c751e8b465ee728b)  -> (artifact id: '5b8cfa15105a60eea52169f73c8fffa4') in 0.015086 seconds 
========================================================================
Received Import Request.
  Time since last request: 5.021954 seconds.
  path: Assets/Textures/cube_junkyard_soft.cubemap
  artifactKey: Guid(92439ca99b5183e4b9ead41e36a0db40) Importer(815301076,1909f56bfc062723c751e8b465ee728b)
Start importing Assets/Textures/cube_junkyard_soft.cubemap using Guid(92439ca99b5183e4b9ead41e36a0db40) Importer(815301076,1909f56bfc062723c751e8b465ee728b)  -> (artifact id: '5dd705121bd149179b8564508791f8a1') in 0.061040 seconds 
========================================================================
Received Import Request.
  Time since last request: 0.000023 seconds.
  path: Assets/Textures/vehicle_enemyShip_nrm.tif
  artifactKey: Guid(6e023ca4283b3a7469cd61d24c83048c) Importer(815301076,1909f56bfc062723c751e8b465ee728b)
Start importing Assets/Textures/vehicle_enemyShip_nrm.tif using Guid(6e023ca4283b3a7469cd61d24c83048c) Importer(815301076,1909f56bfc062723c751e8b465ee728b)  -> (artifact id: '9f2989824bbcaeb28fc6c6cbd6400872') in 0.047574 seconds 
========================================================================
Received Import Request.
  Time since last request: 0.000021 seconds.
  path: Assets/Textures/part_jet_core_dff.tif
  artifactKey: Guid(0963e6c65b2b1f74d9f455e21901e2dc) Importer(815301076,1909f56bfc062723c751e8b465ee728b)
Start importing Assets/Textures/part_jet_core_dff.tif using Guid(0963e6c65b2b1f74d9f455e21901e2dc) Importer(815301076,1909f56bfc062723c751e8b465ee728b)  -> (artifact id: '7771d3bfeda395a8a04eb2a083308048') in 0.014688 seconds 
========================================================================
Received Import Request.
  Time since last request: 0.000025 seconds.
  path: Assets/Textures/part_star_dff.tif
  artifactKey: Guid(1c89236d45255234ebd1d39657ff7e02) Importer(815301076,1909f56bfc062723c751e8b465ee728b)
Start importing Assets/Textures/part_star_dff.tif using Guid(1c89236d45255234ebd1d39657ff7e02) Importer(815301076,1909f56bfc062723c751e8b465ee728b)  -> (artifact id: 'c3273e8b6cd6d7843a64206c35f63956') in 0.015955 seconds 
========================================================================
Received Import Request.
  Time since last request: 0.000036 seconds.
  path: Assets/Textures/prop_asteroid_02_nrm.tif
  artifactKey: Guid(6d9b42ac01f24bf4d98923573f103575) Importer(815301076,1909f56bfc062723c751e8b465ee728b)
Start importing Assets/Textures/prop_asteroid_02_nrm.tif using Guid(6d9b42ac01f24bf4d98923573f103575) Importer(815301076,1909f56bfc062723c751e8b465ee728b)  -> (artifact id: '3edb755fbc23bfa2f96a94da2d9a8731') in 0.015548 seconds 
========================================================================
Received Import Request.
  Time since last request: 0.000023 seconds.
  path: Assets/Textures/vehicle_playerShip_orange_nrm.tif
  artifactKey: Guid(6db0c8354d868834abf29840037591b1) Importer(815301076,1909f56bfc062723c751e8b465ee728b)
Start importing Assets/Textures/vehicle_playerShip_orange_nrm.tif using Guid(6db0c8354d868834abf29840037591b1) Importer(815301076,1909f56bfc062723c751e8b465ee728b)  -> (artifact id: 'f5a6f4cde7568359d12c07745915f8a5') in 0.015098 seconds 
========================================================================
Received Import Request.
  Time since last request: 0.000019 seconds.
  path: Assets/Textures/prop_asteroid_03_nrm.tif
  artifactKey: Guid(7eae0d2701845a54aa570b07c55dab44) Importer(815301076,1909f56bfc062723c751e8b465ee728b)
Start importing Assets/Textures/prop_asteroid_03_nrm.tif using Guid(7eae0d2701845a54aa570b07c55dab44) Importer(815301076,1909f56bfc062723c751e8b465ee728b)  -> (artifact id: '3ae25ef4dae36f6e2cb09d5fb2066386') in 0.014695 seconds 
========================================================================
Received Import Request.
  Time since last request: 0.000034 seconds.
  path: Assets/Textures/vehicle_enemyShip_red_dff.tif
  artifactKey: Guid(f27de5de4aa7d8c448ba881f0277d947) Importer(815301076,1909f56bfc062723c751e8b465ee728b)
Start importing Assets/Textures/vehicle_enemyShip_red_dff.tif using Guid(f27de5de4aa7d8c448ba881f0277d947) Importer(815301076,1909f56bfc062723c751e8b465ee728b)  -> (artifact id: '2e5dddbee888ac5d565a41ee0a58bde8') in 0.015508 seconds 
========================================================================
Received Import Request.
  Time since last request: 0.000024 seconds.
  path: Assets/Textures/fx_lazer_cyan_dff.tif
  artifactKey: Guid(6e3730451fa077346abd4ac642ea71d8) Importer(815301076,1909f56bfc062723c751e8b465ee728b)
Start importing Assets/Textures/fx_lazer_cyan_dff.tif using Guid(6e3730451fa077346abd4ac642ea71d8) Importer(815301076,1909f56bfc062723c751e8b465ee728b)  -> (artifact id: '1408dc33a25a7eabf61370e4864c39c4') in 0.014203 seconds 
========================================================================
Received Import Request.
  Time since last request: 0.000020 seconds.
  path: Assets/Textures/part_shockwave_dff.tif
  artifactKey: Guid(04dbc0581071c254ea6564b2ff06ff9b) Importer(815301076,1909f56bfc062723c751e8b465ee728b)
Start importing Assets/Textures/part_shockwave_dff.tif using Guid(04dbc0581071c254ea6564b2ff06ff9b) Importer(815301076,1909f56bfc062723c751e8b465ee728b)  -> (artifact id: '9ee7965c572cf00d272fe70530b7630d') in 0.013272 seconds 
========================================================================
Received Import Request.
  Time since last request: 0.000023 seconds.
  path: Assets/Textures/tile_nebula_green_dff.tif
  artifactKey: Guid(71646ebaae78d43aeb8b53cacdb69671) Importer(815301076,1909f56bfc062723c751e8b465ee728b)
Start importing Assets/Textures/tile_nebula_green_dff.tif using Guid(71646ebaae78d43aeb8b53cacdb69671) Importer(815301076,1909f56bfc062723c751e8b465ee728b)  -> (artifact id: '63838f31feccf42cd4a63705c8bd59c3') in 0.019009 seconds 
